<?xml version="1.0" encoding="UTF-8"?>
<robot generator="Robot 4.1.3 (Python 3.8.5 on win32)" generated="20211229 22:22:48.448" rpa="false" schemaversion="2">
<suite id="s1" name="Test1" source="C:\Users\kp\PycharmProjects\Robo\Test\test1.robot">
<test id="s1-t1" name="Validate Unsuccessful Login">
<kw name="open the browser with mortgage payment URL">
<kw name="Create Webdriver" library="SeleniumLibrary">
<arg>Chrome</arg>
<arg>executable_path=K:/chromedriver.exe</arg>
<doc>Creates an instance of Selenium WebDriver.</doc>
<msg timestamp="20211229 22:22:48.804" level="INFO">Creating an instance of the Chrome WebDriver.</msg>
<status status="PASS" starttime="20211229 22:22:48.803" endtime="20211229 22:22:51.159"/>
</kw>
<kw name="Go To" library="SeleniumLibrary">
<arg>https://rahulshettyacademy.com/loginpagePractise/</arg>
<doc>Navigates the current browser window to the provided ``url``.</doc>
<msg timestamp="20211229 22:22:51.160" level="INFO">Opening url 'https://rahulshettyacademy.com/loginpagePractise/'</msg>
<status status="PASS" starttime="20211229 22:22:51.160" endtime="20211229 22:22:57.298"/>
</kw>
<status status="PASS" starttime="20211229 22:22:48.802" endtime="20211229 22:22:57.299"/>
</kw>
<kw name="fill the login form">
<kw name="Input Text" library="SeleniumLibrary">
<arg>name:username</arg>
<arg>rahulshettyacademy</arg>
<doc>Types the given ``text`` into the text field identified by ``locator``.</doc>
<msg timestamp="20211229 22:22:57.301" level="INFO">Typing text 'rahulshettyacademy' into text field 'name:username'.</msg>
<status status="PASS" starttime="20211229 22:22:57.300" endtime="20211229 22:22:57.496"/>
</kw>
<kw name="Input Password" library="SeleniumLibrary">
<arg>id:password</arg>
<arg>123456</arg>
<doc>Types the given password into the text field identified by ``locator``.</doc>
<msg timestamp="20211229 22:22:57.497" level="INFO">Typing password into text field 'id:password'.</msg>
<msg timestamp="20211229 22:22:57.581" level="INFO">Temporally setting log level to: NONE</msg>
<msg timestamp="20211229 22:22:57.663" level="INFO">Log level changed from NONE to INFO.</msg>
<status status="PASS" starttime="20211229 22:22:57.496" endtime="20211229 22:22:57.663"/>
</kw>
<kw name="Input Text" library="SeleniumLibrary">
<arg>id:password</arg>
<arg>123456</arg>
<doc>Types the given ``text`` into the text field identified by ``locator``.</doc>
<msg timestamp="20211229 22:22:57.664" level="INFO">Typing text '123456' into text field 'id:password'.</msg>
<status status="PASS" starttime="20211229 22:22:57.663" endtime="20211229 22:22:57.749"/>
</kw>
<status status="PASS" starttime="20211229 22:22:57.300" endtime="20211229 22:22:57.749"/>
</kw>
<kw name="wait until it checks and display error message">
<kw name="Click Button" library="SeleniumLibrary">
<arg>signInBtn</arg>
<doc>Clicks the button identified by ``locator``.</doc>
<msg timestamp="20211229 22:22:57.751" level="INFO">Clicking button 'signInBtn'.</msg>
<status status="PASS" starttime="20211229 22:22:57.750" endtime="20211229 22:22:57.868"/>
</kw>
<kw name="Wait Until Element Is Visible" library="SeleniumLibrary">
<arg>css:.alert-danger</arg>
<doc>Waits until the element ``locator`` is visible.</doc>
<status status="PASS" starttime="20211229 22:22:57.868" endtime="20211229 22:23:00.127"/>
</kw>
<kw name="Close Browser" library="SeleniumLibrary">
<doc>Closes the current browser.</doc>
<status status="PASS" starttime="20211229 22:23:00.127" endtime="20211229 22:23:03.956"/>
</kw>
<status status="PASS" starttime="20211229 22:22:57.750" endtime="20211229 22:23:03.956"/>
</kw>
<status status="PASS" starttime="20211229 22:22:48.801" endtime="20211229 22:23:03.958"/>
</test>
<status status="PASS" starttime="20211229 22:22:48.451" endtime="20211229 22:23:03.961"/>
</suite>
<statistics>
<total>
<stat pass="1" fail="0" skip="0">All Tests</stat>
</total>
<tag>
</tag>
<suite>
<stat pass="1" fail="0" skip="0" id="s1" name="Test1">Test1</stat>
</suite>
</statistics>
<errors>
</errors>
</robot>
