<?xml version="1.0" encoding="UTF-8"?>
<robot generator="Robot 3.2.2 (Python 3.8.5 on win32)" generated="20210129 07:16:21.452" rpa="false">
<suite id="s1" name="TC 001" source="C:\Users\kp\PycharmProjects\Robot\TestCases\TC_001.robot">
<test id="s1-t1" name="TC_001 Browser start and close">
<kw name="this is test resource" library="Resouce1">
<arguments>
<arg>${URL}</arg>
<arg>${Browser}</arg>
</arguments>
<assign>
<var>${val}</var>
</assign>
<kw name="Open Browser" library="SeleniumLibrary">
<doc>Opens a new browser instance to the optional ``url``.</doc>
<arguments>
<arg>${URL}</arg>
<arg>${Browser}</arg>
</arguments>
<msg timestamp="20210129 07:16:21.702" level="INFO">Opening browser 'Chrome' to base url 'https://qa-pegasus2-hns.figmd.com/signup/login'.</msg>
<status status="PASS" starttime="20210129 07:16:21.702" endtime="20210129 07:16:34.241"></status>
</kw>
<kw name="Wait Until Element Is Visible" library="SeleniumLibrary">
<doc>Waits until the element ``locator`` is visible.</doc>
<arguments>
<arg>name:TextField</arg>
</arguments>
<status status="PASS" starttime="20210129 07:16:34.241" endtime="20210129 07:16:35.466"></status>
</kw>
<kw name="Input Text" library="SeleniumLibrary">
<doc>Types the given ``text`` into the text field identified by ``locator``.</doc>
<arguments>
<arg>name:TextField</arg>
<arg>reg_auto</arg>
</arguments>
<msg timestamp="20210129 07:16:35.466" level="INFO">Typing text 'reg_auto' into text field 'name:TextField'.</msg>
<status status="PASS" starttime="20210129 07:16:35.466" endtime="20210129 07:16:35.651"></status>
</kw>
<kw name="Input Text" library="SeleniumLibrary">
<doc>Types the given ``text`` into the text field identified by ``locator``.</doc>
<arguments>
<arg>name:password</arg>
<arg>Abcd1234#</arg>
</arguments>
<msg timestamp="20210129 07:16:35.652" level="INFO">Typing text 'Abcd1234#' into text field 'name:password'.</msg>
<status status="PASS" starttime="20210129 07:16:35.652" endtime="20210129 07:16:35.871"></status>
</kw>
<kw name="Click Element" library="SeleniumLibrary">
<doc>Click the element identified by ``locator``.</doc>
<arguments>
<arg>xpath://button/span[text()="Login"]</arg>
</arguments>
<msg timestamp="20210129 07:16:35.872" level="INFO">Clicking element 'xpath://button/span[text()="Login"]'.</msg>
<status status="PASS" starttime="20210129 07:16:35.871" endtime="20210129 07:16:35.978"></status>
</kw>
<kw name="Get Title" library="SeleniumLibrary">
<doc>Returns the title of the current page.</doc>
<assign>
<var>${res}</var>
</assign>
<msg timestamp="20210129 07:16:35.992" level="INFO">${res} = Login</msg>
<status status="PASS" starttime="20210129 07:16:35.979" endtime="20210129 07:16:35.992"></status>
</kw>
<msg timestamp="20210129 07:16:35.993" level="INFO">${val} = Login</msg>
<status status="PASS" starttime="20210129 07:16:21.702" endtime="20210129 07:16:35.993"></status>
</kw>
<kw name="Log" library="BuiltIn">
<doc>Logs the given message with the given level.</doc>
<arguments>
<arg>${val}</arg>
</arguments>
<msg timestamp="20210129 07:16:35.993" level="INFO">Login</msg>
<status status="PASS" starttime="20210129 07:16:35.993" endtime="20210129 07:16:35.993"></status>
</kw>
<kw name="create folder using os lib" library="Resouce1">
<arguments>
<arg>Kavya</arg>
<arg>Pra</arg>
</arguments>
<kw name="Concatenate" library="UserDefined">
<arguments>
<arg>${val1}</arg>
<arg>${val2}</arg>
</arguments>
<assign>
<var>${res}</var>
</assign>
<msg timestamp="20210129 07:16:35.994" level="INFO">${res} = Kavya Pra</msg>
<status status="PASS" starttime="20210129 07:16:35.994" endtime="20210129 07:16:35.994"></status>
</kw>
<kw name="Log" library="BuiltIn">
<doc>Logs the given message with the given level.</doc>
<arguments>
<arg>${res}</arg>
</arguments>
<msg timestamp="20210129 07:16:35.995" level="INFO">Kavya Pra</msg>
<status status="PASS" starttime="20210129 07:16:35.994" endtime="20210129 07:16:35.995"></status>
</kw>
<status status="PASS" starttime="20210129 07:16:35.994" endtime="20210129 07:16:35.995"></status>
</kw>
<kw name="Log" library="BuiltIn">
<doc>Logs the given message with the given level.</doc>
<arguments>
<arg>"ABC"</arg>
</arguments>
<msg timestamp="20210129 07:16:35.996" level="INFO">"ABC"</msg>
<status status="PASS" starttime="20210129 07:16:35.996" endtime="20210129 07:16:35.996"></status>
</kw>
<kw name="Log" library="BuiltIn">
<doc>Logs the given message with the given level.</doc>
<arguments>
<arg>ABC</arg>
</arguments>
<msg timestamp="20210129 07:16:35.997" level="INFO">ABC</msg>
<status status="PASS" starttime="20210129 07:16:35.997" endtime="20210129 07:16:35.998"></status>
</kw>
<doc>inside testcase</doc>
<status status="PASS" starttime="20210129 07:16:21.702" endtime="20210129 07:16:35.998" critical="yes"></status>
</test>
<doc>inside settings</doc>
<status status="PASS" starttime="20210129 07:16:21.468" endtime="20210129 07:16:36.000"></status>
</suite>
<statistics>
<total>
<stat pass="1" fail="0">Critical Tests</stat>
<stat pass="1" fail="0">All Tests</stat>
</total>
<tag>
</tag>
<suite>
<stat pass="1" fail="0" id="s1" name="TC 001">TC 001</stat>
</suite>
</statistics>
<errors>
</errors>
</robot>
